<?xml version="1.0" encoding="UTF-8"?>
<beans xmlns="http://www.springframework.org/schema/beans"
       xmlns:xsi="http://www.w3.org/2001/XMLSchema-instance"
       xmlns:context="http://www.springframework.org/schema/context"
       xmlns:tx="http://www.springframework.org/schema/tx"
       xmlns:aop="http://www.springframework.org/schema/aop"
       xsi:schemaLocation="http://www.springframework.org/schema/beans
                           http://www.springframework.org/schema/beans/spring-beans.xsd
                           http://www.springframework.org/schema/mvc
                           http://www.springframework.org/schema/mvc/spring-mvc.xsd
                           http://www.springframework.org/schema/tx
                           http://www.springframework.org/schema/tx/spring-tx-4.3.xsd
                           http://www.springframework.org/schema/context
                           http://www.springframework.org/schema/context/spring-context.xsd
       http://www.springframework.org/schema/aop http://www.springframework.org/schema/aop/spring-aop-4.3.xsd">

    <!-- Bean definitions go here -->
    <!-- Bean definitions go here -->
    <bean id="dataSource"
          class="org.apache.commons.dbcp2.BasicDataSource">
        <property name="driverClassName" value="com.mysql.cj.jdbc.Driver"/>
        <property name="url"
                  value="jdbc:mysql://localhost:3306/ofnblogtest?serverTimezone=UTC"/>
        <property name="username" value="root" />
        <property name="password" value="root" />
        <property name="initialSize" value="1" />
        <property name="maxTotal" value="10" />
    </bean>

    <bean id="transactionManager"
          class="org.springframework.jdbc.datasource.DataSourceTransactionManager">
        <property name="dataSource" ref="dataSource" />
    </bean>

    <bean id="jdbcTemplate"
          class="org.springframework.jdbc.core.JdbcTemplate">
        <property name="dataSource" ref="dataSource" />
    </bean>

    <!--Example implementation:-->

    <bean id="UserDao"
          class="com.ofn.dao.impl.UserDaoDbImpl">
        <property name="jdbcTemplate" ref="jdbcTemplate"/>
    </bean>
    <bean id="CategoryDao"
          class="com.ofn.dao.impl.CategoryDaoDbImpl">
        <property name="jdbcTemplate" ref="jdbcTemplate"/>
    </bean>
    <bean id="PageDao"
          class="com.ofn.dao.impl.PageDaoDbImpl">
        <property name="jdbcTemplate" ref="jdbcTemplate"/>
    </bean>
    <bean id="BlogPostDao"
          class="com.ofn.dao.impl.BlogPostDaoDbImpl">
        <property name="jdbcTemplate" ref="jdbcTemplate"/>
    </bean>
    <bean id="CommentDao"
          class="com.ofn.dao.impl.CommentDaoDbImpl">
        <property name="jdbcTemplate" ref="jdbcTemplate"/>
    </bean>
    <bean id="maintenanceDao" class = "com.ofn.dao.impl.DBMaintenanceDao">
        <property name="jdbcTemplate" ref="jdbcTemplate"/>
    </bean>
    <bean id="BlogService"
          class="com.ofn.service.BlogServiceImpl">
        <constructor-arg ref="UserDao"/>
        <constructor-arg ref="CategoryDao"/>
        <constructor-arg ref="PageDao"/>
        <constructor-arg ref="BlogPostDao"/>
        <constructor-arg ref="CommentDao"/>
        <constructor-arg ref="maintenanceDao"/>
    </bean>
   
</beans>